!!! Section 'gentoo' in repos.conf has location attribute set to nonexistent directory: '/var/db/repos/gentoo'
!!! Invalid Repository Location (not a dir): '/var/db/repos/gentoo'
 * PGP verification method: gemato
 * Fetching most recent snapshot ...
 * Trying to retrieve 20260620 snapshot from http://distfiles.gentoo.org ...
 * Fetching file gentoo-20260620.tar.xz.md5sum ...

     0K                                                       100% 11.8M=0s

2026-06-21 11:55:51 URL:http://distfiles.gentoo.org/snapshots/gentoo-20260620.tar.xz.md5sum [57/57] -> "/var/tmp/emerge-webrsync.VPccfp/gentoo-20260620.tar.xz.md5sum" [1]
 * Fetching file gentoo-20260620.tar.xz.gpgsig ...

     0K                                                       100%  210M=0s

2026-06-21 11:55:51 URL:http://distfiles.gentoo.org/snapshots/gentoo-20260620.tar.xz.gpgsig [1000/1000] -> "/var/tmp/emerge-webrsync.VPccfp/gentoo-20260620.tar.xz.gpgsig" [1]
 * Fetching file gentoo-20260620.tar.xz ...

     0K .......... .......... .......... .......... ..........  0%  438K 1m47s
    50K .......... .......... .......... .......... ..........  0%  978K 78s
   100K .......... .......... .......... .......... ..........  0% 1.46M 62s
   150K .......... .......... .......... .......... ..........  0% 2.17M 52s
   200K .......... .......... .......... .......... ..........  0% 3.26M 44s
   250K .......... .......... .......... .......... ..........  0% 3.66M 39s
   300K .......... .......... .......... .......... ..........  0% 3.01M 35s
   350K .......... .......... .......... .......... ..........  0% 5.01M 32s
   400K .......... .......... .......... .......... ..........  0% 6.20M 29s
   450K .......... .......... .......... .......... ..........  1% 6.06M 27s
   500K .......... .......... .......... .......... ..........  1% 7.23M 25s
   550K .......... .......... .......... .......... ..........  1% 8.29M 24s
   600K .......... .......... .......... .......... ..........  1% 8.46M 22s
   650K .......... .......... .......... .......... ..........  1% 10.4M 21s
   700K .......... .......... .......... .......... ..........  1% 6.32M 20s
   750K .......... .......... .......... .......... ..........  1% 11.0M 19s
   800K .......... .......... .......... .......... ..........  1% 10.1M 18s
   850K .......... .......... .......... .......... ..........  1% 11.0M 17s
   900K .......... .......... .......... .......... ..........  2% 12.0M 17s
   950K .......... .......... .......... .......... ..........  2% 13.2M 16s
  1000K .......... .......... .......... .......... ..........  2% 14.2M 15s
  1050K .......... .......... .......... .......... ..........  2% 13.9M 15s
  1100K .......... .......... .......... .......... ..........  2% 13.2M 14s
  1150K .......... .......... .......... .......... ..........  2% 16.9M 14s
  1200K .......... .......... .......... .......... ..........  2% 17.2M 13s
  1250K .......... .......... .......... .......... ..........  2% 16.9M 13s
  1300K .......... .......... .......... .......... ..........  2% 19.5M 12s
  1350K .......... .......... .......... .......... ..........  2% 17.5M 12s
  1400K .......... .......... .......... .......... ..........  3% 18.2M 12s
  1450K .......... .......... .......... .......... ..........  3% 19.4M 11s
  1500K .......... .......... .......... .......... ..........  3% 25.1M 11s
  1550K .......... .......... .......... .......... ..........  3% 17.5M 11s
  1600K .......... .......... .......... .......... ..........  3% 25.1M 10s
  1650K .......... .......... .......... .......... ..........  3% 23.0M 10s
  1700K .......... .......... .......... .......... ..........  3% 18.0M 10s
  1750K .......... .......... .......... .......... ..........  3% 18.7M 10s
  1800K .......... .......... .......... .......... ..........  3% 30.2M 10s
  1850K .......... .......... .......... .......... ..........  4% 22.5M 9s
  1900K .......... .......... .......... .......... ..........  4% 22.3M 9s
  1950K .......... .......... .......... .......... ..........  4% 37.7M 9s
  2000K .......... .......... .......... .......... ..........  4% 22.9M 9s
  2050K .......... .......... .......... .......... ..........  4% 29.8M 9s
  2100K .......... .......... .......... .......... ..........  4% 19.7M 8s
  2150K .......... .......... .......... .......... ..........  4% 49.1M 8s
  2200K .......... .......... .......... .......... ..........  4% 27.1M 8s
  2250K .......... .......... .......... .......... ..........  4% 28.0M 8s
  2300K .......... .......... .......... .......... ..........  4% 20.7M 8s
  2350K .......... .......... .......... .......... ..........  5% 54.4M 8s
  2400K .......... .......... .......... .......... ..........  5% 27.9M 7s
  2450K .......... .......... .......... .......... ..........  5% 34.2M 7s
  2500K .......... .......... .......... .......... ..........  5% 17.9M 7s
  2550K .......... .......... .......... .......... ..........  5% 56.0M 7s
  2600K .......... .......... .......... .......... ..........  5% 15.9M 7s
  2650K .......... .......... .......... .......... ..........  5% 59.1M 7s
  2700K .......... .......... .......... .......... ..........  5% 57.1M 7s
  2750K .......... .......... .......... .......... ..........  5% 32.4M 7s
  2800K .......... .......... .......... .......... ..........  6% 66.3M 7s
  2850K .......... .......... .......... .......... ..........  6% 33.6M 6s
  2900K .......... .......... .......... .......... ..........  6% 29.5M 6s
  2950K .......... .......... .......... .......... ..........  6% 75.3M 6s
  3000K .......... .......... .......... .......... ..........  6% 52.2M 6s
  3050K .......... .......... .......... .......... ..........  6% 43.3M 6s
  3100K .......... .......... .......... .......... ..........  6% 59.5M 6s
  3150K .......... .......... .......... .......... ..........  6% 39.1M 6s
  3200K .......... .......... .......... .......... ..........  6% 36.9M 6s
  3250K .......... .......... .......... .......... ..........  7% 36.4M 6s
  3300K .......... .......... .......... .......... ..........  7% 59.2M 6s
  3350K .......... .......... .......... .......... ..........  7% 65.9M 6s
  3400K .......... .......... .......... .......... ..........  7% 44.0M 6s
  3450K .......... .......... .......... .......... ..........  7% 44.8M 5s
  3500K .......... .......... .......... .......... ..........  7% 51.2M 5s
  3550K .......... .......... .......... .......... ..........  7% 43.5M 5s
  3600K .......... .......... .......... .......... ..........  7% 49.9M 5s
  3650K .......... .......... .......... .......... ..........  7% 25.6M 5s
  3700K .......... .......... .......... .......... ..........  7% 52.7M 5s
  3750K .......... .......... .......... .......... ..........  8% 25.2M 5s
  3800K .......... .......... .......... .......... ..........  8% 42.8M 5s
  3850K .......... .......... .......... .......... ..........  8% 87.2M 5s
  3900K .......... .......... .......... .......... ..........  8% 35.7M 5s
  3950K .......... .......... .......... .......... ..........  8% 50.1M 5s
  4000K .......... .......... .......... .......... ..........  8% 68.1M 5s
  4050K .......... .......... .......... .......... ..........  8% 54.2M 5s
  4100K .......... .......... .......... .......... ..........  8% 54.3M 5s
  4150K .......... .......... .......... .......... ..........  8% 52.9M 5s
  4200K .......... .......... .......... .......... ..........  9% 64.1M 5s
  4250K .......... .......... .......... .......... ..........  9% 54.6M 5s
  4300K .......... .......... .......... .......... ..........  9% 42.5M 4s
  4350K .......... .......... .......... .......... ..........  9% 56.3M 4s
  4400K .......... .......... .......... .......... ..........  9% 68.7M 4s
  4450K .......... .......... .......... .......... ..........  9% 70.2M 4s
  4500K .......... .......... .......... .......... ..........  9% 48.3M 4s
  4550K .......... .......... .......... .......... ..........  9% 68.2M 4s
  4600K .......... .......... .......... .......... ..........  9% 54.4M 4s
  4650K .......... .......... .......... .......... ..........  9% 56.5M 4s
  4700K .......... .......... .......... .......... .......... 10% 56.6M 4s
  4750K .......... .......... .......... .......... .......... 10% 52.7M 4s
  4800K .......... .......... .......... .......... .......... 10% 61.8M 4s
  4850K .......... .......... .......... .......... .......... 10% 56.8M 4s
  4900K .......... .......... .......... .......... .......... 10% 52.5M 4s
  4950K .......... .......... .......... .......... .......... 10% 56.0M 4s
  5000K .......... .......... .......... .......... .......... 10% 60.3M 4s
  5050K .......... .......... .......... .......... .......... 10% 54.4M 4s
  5100K .......... .......... .......... .......... .......... 10% 57.1M 4s
  5150K .......... .......... .......... .......... .......... 11% 57.7M 4s
  5200K .......... .......... .......... .......... .......... 11% 54.2M 4s
  5250K .......... .......... .......... .......... .......... 11% 57.5M 4s
  5300K .......... .......... .......... .......... .......... 11% 34.3M 4s
  5350K .......... .......... .......... .......... .......... 11%  148M 4s
  5400K .......... .......... .......... .......... .......... 11% 59.4M 4s
  5450K .......... .......... .......... .......... .......... 11% 56.2M 4s
  5500K .......... .......... .......... .......... .......... 11% 56.4M 4s
  5550K .......... .......... .......... .......... .......... 11% 56.3M 4s
  5600K .......... .......... .......... .......... .......... 11% 56.5M 4s
  5650K .......... .......... .......... .......... .......... 12% 52.9M 3s
  5700K .......... .......... .......... .......... .......... 12% 59.2M 3s
  5750K .......... .......... .......... .......... .......... 12% 55.9M 3s
  5800K .......... .......... .......... .......... .......... 12% 57.3M 3s
  5850K .......... .......... .......... .......... .......... 12% 56.5M 3s
  5900K .......... .......... .......... .......... .......... 12% 56.3M 3s
  5950K .......... .......... .......... .......... .......... 12%  316K 4s
  6000K .......... .......... .......... .......... .......... 12%  158M 4s
  6050K .......... .......... .......... .......... .......... 12% 54.5M 4s
  6100K .......... .......... .......... .......... .......... 13%  170M 4s
  6150K .......... .......... .......... .......... .......... 13%  381M 4s
  6200K .......... .......... .......... .......... .......... 13%  315M 4s
  6250K .......... .......... .......... .......... .......... 13% 28.8M 4s
  6300K .......... .......... .......... .......... .......... 13% 47.0M 4s
  6350K .......... .......... .......... .......... .......... 13%  253M 4s
  6400K .......... .......... .......... .......... .......... 13% 35.9M 4s
  6450K .......... .......... .......... .......... .......... 13% 93.1T 4s
  6500K .......... .......... .......... .......... .......... 13%  225M 4s
  6550K .......... .......... .......... .......... .......... 14%  260M 4s
  6600K .......... .......... .......... .......... .......... 14%  260M 4s
  6650K .......... .......... .......... .......... .......... 14%  259M 4s
  6700K .......... .......... .......... .......... .......... 14% 93.1T 4s
  6750K .......... .......... .......... .......... .......... 14%  251M 4s
  6800K .......... .......... .......... .......... .......... 14%  244M 4s
  6850K .......... .......... .......... .......... .......... 14%  252M 4s
  6900K .......... .......... .......... .......... .......... 14%  254M 4s
  6950K .......... .......... .......... .......... .......... 14% 93.1T 4s
  7000K .......... .......... .......... .......... .......... 14%  251M 4s
  7050K .......... .......... .......... .......... .......... 15%  237M 4s
  7100K .......... .......... .......... .......... .......... 15%  312M 4s
  7150K .......... .......... .......... .......... .......... 15% 93.1T 4s
  7200K .......... .......... .......... .......... .......... 15%  270M 4s
  7250K .......... .......... .......... .......... .......... 15%  316M 4s
  7300K .......... .......... .......... .......... .......... 15%  321M 4s
  7350K .......... .......... .......... .......... .......... 15%  331M 3s
  7400K .......... .......... .......... .......... .......... 15% 93.1T 3s
  7450K .......... .......... .......... .......... .......... 15%  299M 3s
  7500K .......... .......... .......... .......... .......... 16%  329M 3s
  7550K .......... .......... .......... .......... .......... 16%  301M 3s
  7600K .......... .......... .......... .......... .......... 16% 93.1T 3s
  7650K .......... .......... .......... .......... .......... 16%  309M 3s
  7700K .......... .......... .......... .......... .......... 16%  320M 3s
  7750K .......... .......... .......... .......... .......... 16%  324M 3s
  7800K .......... .......... .......... .......... .......... 16%  327M 3s
  7850K .......... .......... .......... .......... .......... 16% 93.1T 3s
  7900K .......... .......... .......... .......... .......... 16%  308M 3s
  7950K .......... .......... .......... .......... .......... 16%  327M 3s
  8000K .......... .......... .......... .......... .......... 17%  314M 3s
  8050K .......... .......... .......... .......... .......... 17% 93.1T 3s
  8100K .......... .......... .......... .......... .......... 17%  315M 3s
  8150K .......... .......... .......... .......... .......... 17%  327M 3s
  8200K .......... .......... .......... .......... .......... 17%  325M 3s
  8250K .......... .......... .......... .......... .......... 17%  321M 3s
  8300K .......... .......... .......... .......... .......... 17% 93.1T 3s
  8350K .......... .......... .......... .......... .......... 17%  308M 3s
  8400K .......... .......... .......... .......... .......... 17%  286M 3s
  8450K .......... .......... .......... .......... .......... 18%  319M 3s
  8500K .......... .......... .......... .......... .......... 18%  327M 3s
  8550K .......... .......... .......... .......... .......... 18% 93.1T 3s
  8600K .......... .......... .......... .......... .......... 18%  312M 3s
  8650K .......... .......... .......... .......... .......... 18%  321M 3s
  8700K .......... .......... .......... .......... .......... 18%  323M 3s
  8750K .......... .......... .......... .......... .......... 18% 93.1T 3s
  8800K .......... .......... .......... .......... .......... 18%  315M 3s
  8850K .......... .......... .......... .......... .......... 18%  309M 3s
  8900K .......... .......... .......... .......... .......... 19%  328M 3s
  8950K .......... .......... .......... .......... .......... 19%  327M 3s
  9000K .......... .......... .......... .......... .......... 19% 93.1T 3s
  9050K .......... .......... .......... .......... .......... 19%  313M 3s
  9100K .......... .......... .......... .......... .......... 19%  315M 3s
  9150K .......... .......... .......... .......... .......... 19%  326M 3s
  9200K .......... .......... .......... .......... .......... 19% 93.1T 3s
  9250K .......... .......... .......... .......... .......... 19%  300M 3s
  9300K .......... .......... .......... .......... .......... 19%  327M 3s
  9350K .......... .......... .......... .......... .......... 19%  325M 3s
  9400K .......... .......... .......... .......... .......... 20%  327M 3s
  9450K .......... .......... .......... .......... .......... 20% 93.1T 3s
  9500K .......... .......... .......... .......... .......... 20%  310M 3s
  9550K .......... .......... .......... .......... .......... 20%  325M 3s
  9600K .......... .......... .......... .......... .......... 20%  326M 3s
  9650K .......... .......... .......... .......... .......... 20% 93.1T 3s
  9700K .......... .......... .......... .......... .......... 20%  288M 3s
  9750K .......... .......... .......... .......... .......... 20%  291M 2s
  9800K .......... .......... .......... .......... .......... 20%  320M 2s
  9850K .......... .......... .......... .......... .......... 21%  315M 2s
  9900K .......... .......... .......... .......... .......... 21% 93.1T 2s
  9950K .......... .......... .......... .......... .......... 21%  312M 2s
 10000K .......... .......... .......... .......... .......... 21%  323M 2s
 10050K .......... .......... .......... .......... .......... 21%  271M 2s
 10100K .......... .......... .......... .......... .......... 21%  345M 2s
 10150K .......... .......... .......... .......... .......... 21% 93.1T 2s
 10200K .......... .......... .......... .......... .......... 21%  365M 2s
 10250K .......... .......... .......... .......... .......... 21%  407M 2s
 10300K .......... .......... .......... .......... .......... 21%  444M 2s
 10350K .......... .......... .......... .......... .......... 22% 93.1T 2s
 10400K .......... .......... .......... .......... .......... 22%  416M 2s
 10450K .......... .......... .......... .......... .......... 22%  418M 2s
 10500K .......... .......... .......... .......... .......... 22%  425M 2s
 10550K .......... .......... .......... .......... .......... 22%  382M 2s
 10600K .......... .......... .......... .......... .......... 22% 93.1T 2s
 10650K .......... .......... .......... .......... .......... 22%  417M 2s
 10700K .......... .......... .......... .......... .......... 22%  414M 2s
 10750K .......... .......... .......... .......... .......... 22%  441M 2s
 10800K .......... .......... .......... .......... .......... 23% 93.1T 2s
 10850K .......... .......... .......... .......... .......... 23%  400M 2s
 10900K .......... .......... .......... .......... .......... 23%  448M 2s
 10950K .......... .......... .......... .......... .......... 23%  434M 2s
 11000K .......... .......... .......... .......... .......... 23%  405M 2s
 11050K .......... .......... .......... .......... .......... 23% 93.1T 2s
 11100K .......... .......... .......... .......... .......... 23%  414M 2s
 11150K .......... .......... .......... .......... .......... 23%  401M 2s
 11200K .......... .......... .......... .......... .......... 23%  443M 2s
 11250K .......... .......... .......... .......... .......... 23% 93.1T 2s
 11300K .......... .......... .......... .......... .......... 24%  407M 2s
 11350K .......... .......... .......... .......... .......... 24%  406M 2s
 11400K .......... .......... .......... .......... .......... 24%  347M 2s
 11450K .......... .......... .......... .......... .......... 24%  402M 2s
 11500K .......... .......... .......... .......... .......... 24% 93.1T 2s
 11550K .......... .......... .......... .......... .......... 24%  429M 2s
 11600K .......... .......... .......... .......... .......... 24%  447M 2s
 11650K .......... .......... .......... .......... .......... 24%  428M 2s
 11700K .......... .......... .......... .......... .......... 24%  469M 2s
 11750K .......... .......... .......... .......... .......... 25%  300K 2s
 11800K .......... .......... .......... .......... .......... 25%  220M 2s
 11850K .......... .......... .......... .......... .......... 25%  256M 2s
 11900K .......... .......... .......... .......... .......... 25% 93.1T 2s
 11950K .......... .......... .......... .......... .......... 25%  290M 2s
 12000K .......... .......... .......... .......... .......... 25%  308M 2s
 12050K .......... .......... .......... .......... .......... 25%  302M 2s
 12100K .......... .......... .......... .......... .......... 25%  269M 2s
 12150K .......... .......... .......... .......... .......... 25% 93.1T 2s
 12200K .......... .......... .......... .......... .......... 26%  256M 2s
 12250K .......... .......... .......... .......... .......... 26%  252M 2s
 12300K .......... .......... .......... .......... .......... 26%  308M 2s
 12350K .......... .......... .......... .......... .......... 26% 93.1T 2s
 12400K .......... .......... .......... .......... .......... 26%  299M 2s
 12450K .......... .......... .......... .......... .......... 26%  304M 2s
 12500K .......... .......... .......... .......... .......... 26%  283M 2s
 12550K .......... .......... .......... .......... .......... 26%  206M 2s
 12600K .......... .......... .......... .......... .......... 26% 93.1T 2s
 12650K .......... .......... .......... .......... .......... 26%  239M 2s
 12700K .......... .......... .......... .......... .......... 27%  221M 2s
 12750K .......... .......... .......... .......... .......... 27%  217M 2s
 12800K .......... .......... .......... .......... .......... 27%  157M 2s
 12850K .......... .......... .......... .......... .......... 27%  190M 2s
 12900K .......... .......... .......... .......... .......... 27%  202M 2s
 12950K .......... .......... .......... .......... .......... 27%  315M 2s
 13000K .......... .......... .......... .......... .......... 27% 93.1T 2s
 13050K .......... .......... .......... .......... .......... 27%  250M 2s
 13100K .......... .......... .......... .......... .......... 27%  334M 2s
 13150K .......... .......... .......... .......... .......... 28%  260M 2s
 13200K .......... .......... .......... .......... .......... 28%  347M 2s
 13250K .......... .......... .......... .......... .......... 28% 93.1T 2s
 13300K .......... .......... .......... .......... .......... 28%  283M 2s
 13350K .......... .......... .......... .......... .......... 28%  277M 2s
 13400K .......... .......... .......... .......... .......... 28%  186M 2s
 13450K .......... .......... .......... .......... .......... 28%  112M 2s
 13500K .......... .......... .......... .......... .......... 28% 93.1T 2s
 13550K .......... .......... .......... .......... .......... 28%  285M 2s
 13600K .......... .......... .......... .......... .......... 28%  192M 2s
 13650K .......... .......... .......... .......... .......... 29% 93.1T 2s
 13700K .......... .......... .......... .......... .......... 29%  250M 2s
 13750K .......... .......... .......... .......... .......... 29%  304M 2s
 13800K .......... .......... .......... .......... .......... 29%  366M 2s
 13850K .......... .......... .......... .......... .......... 29%  391M 2s
 13900K .......... .......... .......... .......... .......... 29% 93.1T 2s
 13950K .......... .......... .......... .......... .......... 29%  362M 2s
 14000K .......... .......... .......... .......... .......... 29%  337M 2s
 14050K .......... .......... .......... .......... .......... 29%  363M 2s
 14100K .......... .......... .......... .......... .......... 30%  344M 2s
 14150K .......... .......... .......... .......... .......... 30% 1.05G 2s
 14200K .......... .......... .......... .......... .......... 30%  313M 2s
 14250K .......... .......... .......... .......... .......... 30%  391M 2s
 14300K .......... .......... .......... .......... .......... 30% 93.1T 2s
 14350K .......... .......... .......... .......... .......... 30%  318M 2s
 14400K .......... .......... .......... .......... .......... 30%  335M 2s
 14450K .......... .......... .......... .......... .......... 30%  350M 2s
 14500K .......... .......... .......... .......... .......... 30%  348M 2s
 14550K .......... .......... .......... .......... .......... 31% 93.1T 2s
 14600K .......... .......... .......... .......... .......... 31%  377M 2s
 14650K .......... .......... .......... .......... .......... 31%  274M 2s
 14700K .......... .......... .......... .......... .......... 31%  411M 2s
 14750K .......... .......... .......... .......... .......... 31%  406M 2s
 14800K .......... .......... .......... .......... .......... 31% 93.1T 2s
 14850K .......... .......... .......... .......... .......... 31%  399M 2s
 14900K .......... .......... .......... .......... .......... 31%  392M 2s
 14950K .......... .......... .......... .......... .......... 31%  350M 2s
 15000K .......... .......... .......... .......... .......... 31% 93.1T 2s
 15050K .......... .......... .......... .......... .......... 32%  305M 2s
 15100K .......... .......... .......... .......... .......... 32%  260M 2s
 15150K .......... .......... .......... .......... .......... 32%  343M 2s
 15200K .......... .......... .......... .......... .......... 32%  355M 2s
 15250K .......... .......... .......... .......... .......... 32% 93.1T 2s
 15300K .......... .......... .......... .......... .......... 32%  386M 2s
 15350K .......... .......... .......... .......... .......... 32%  392M 2s
 15400K .......... .......... .......... .......... .......... 32%  370M 2s
 15450K .......... .......... .......... .......... .......... 32%  382M 2s
 15500K .......... .......... .......... .......... .......... 33% 93.1T 2s
 15550K .......... .......... .......... .......... .......... 33%  352M 2s
 15600K .......... .......... .......... .......... .......... 33%  386M 2s
 15650K .......... .......... .......... .......... .......... 33%  385M 2s
 15700K .......... .......... .......... .......... .......... 33%  397M 2s
 15750K .......... .......... .......... .......... .......... 33% 93.1T 2s
 15800K .......... .......... .......... .......... .......... 33%  387M 2s
 15850K .......... .......... .......... .......... .......... 33%  404M 2s
 15900K .......... .......... .......... .......... .......... 33%  430M 2s
 15950K .......... .......... .......... .......... .......... 33% 93.1T 2s
 16000K .......... .......... .......... .......... .......... 34%  301M 2s
 16050K .......... .......... .......... .......... .......... 34%  406M 2s
 16100K .......... .......... .......... .......... .......... 34%  312M 2s
 16150K .......... .......... .......... .......... .......... 34%  333M 2s
 16200K .......... .......... .......... .......... .......... 34% 93.1T 2s
 16250K .......... .......... .......... .......... .......... 34%  385M 2s
 16300K .......... .......... .......... .......... .......... 34%  408M 2s
 16350K .......... .......... .......... .......... .......... 34%  489M 2s
 16400K .......... .......... .......... .......... .......... 34%  368M 2s
 16450K .......... .......... .......... .......... .......... 35%  393M 2s
 16500K .......... .......... .......... .......... .......... 35% 93.1T 2s
 16550K .......... .......... .......... .......... .......... 35%  359M 2s
 16600K .......... .......... .......... .......... .......... 35%  390M 2s
 16650K .......... .......... .......... .......... .......... 35%  313M 2s
 16700K .......... .......... .......... .......... .......... 35%  417M 2s
 16750K .......... .......... .......... .......... .......... 35% 93.1T 2s
 16800K .......... .......... .......... .......... .......... 35%  234M 2s
 16850K .......... .......... .......... .......... .......... 35%  359M 1s
 16900K .......... .......... .......... .......... .......... 35%  357M 1s
 16950K .......... .......... .......... .......... .......... 36%  401M 1s
 17000K .......... .......... .......... .......... .......... 36% 1.94G 1s
 17050K .......... .......... .......... .......... .......... 36%  404M 1s
 17100K .......... .......... .......... .......... .......... 36%  371M 1s
 17150K .......... .......... .......... .......... .......... 36%  362M 1s
 17200K .......... .......... .......... .......... .......... 36% 93.1T 1s
 17250K .......... .......... .......... .......... .......... 36%  323M 1s
 17300K .......... .......... .......... .......... .......... 36%  302M 1s
 17350K .......... .......... .......... .......... .......... 36%  284M 1s
 17400K .......... .......... .......... .......... .......... 37%  342M 1s
 17450K .......... .......... .......... .......... .......... 37% 1.33M 1s
 17500K .......... .......... .......... .......... .......... 37%  567M 1s
 17550K .......... .......... .......... .......... .......... 37%  307M 1s
 17600K .......... .......... .......... .......... .......... 37%  308M 1s
 17650K .......... .......... .......... .......... .......... 37%  340M 1s
 17700K .......... .......... .......... .......... .......... 37% 1.55G 1s
 17750K .......... .......... .......... .......... .......... 37%  347M 1s
 17800K .......... .......... .......... .......... .......... 37%  206M 1s
 17850K .......... .......... .......... .......... .......... 38%  291M 1s
 17900K .......... .......... .......... .......... .......... 38% 93.1T 1s
 17950K .......... .......... .......... .......... .......... 38%  315M 1s
 18000K .......... .......... .......... .......... .......... 38%  328M 1s
 18050K .......... .......... .......... .......... .......... 38%  326M 1s
 18100K .......... .......... .......... .......... .......... 38%  274M 1s
 18150K .......... .......... .......... .......... .......... 38% 93.1T 1s
 18200K .......... .......... .......... .......... .......... 38%  993K 1s
 18250K .......... .......... .......... .......... .......... 38%  220M 1s
 18300K .......... .......... .......... .......... .......... 38%  217M 1s
 18350K .......... .......... .......... .......... .......... 39%  133M 1s
 18400K .......... .......... .......... .......... .......... 39%  157M 1s
 18450K .......... .......... .......... .......... .......... 39% 17.9M 1s
 18500K .......... .......... .......... .......... .......... 39% 38.2M 1s
 18550K .......... .......... .......... .......... .......... 39%  300M 1s
 18600K .......... .......... .......... .......... .......... 39% 33.1M 1s
 18650K .......... .......... .......... .......... .......... 39%  192M 1s
 18700K .......... .......... .......... .......... .......... 39%  199M 1s
 18750K .......... .......... .......... .......... .......... 39%  531K 2s
 18800K .......... .......... .......... .......... .......... 40%  342M 2s
 18850K .......... .......... .......... .......... .......... 40%  264M 2s
 18900K .......... .......... .......... .......... .......... 40%  447M 2s
 18950K .......... .......... .......... .......... .......... 40%  497M 2s
 19000K .......... .......... .......... .......... .......... 40%  223M 2s
 19050K .......... .......... .......... .......... .......... 40%  214M 2s
 19100K .......... .......... .......... .......... .......... 40%  401M 2s
 19150K .......... .......... .......... .......... .......... 40%  181M 1s
 19200K .......... .......... .......... .......... .......... 40%  234M 1s
 19250K .......... .......... .......... .......... .......... 40%  343M 1s
 19300K .......... .......... .......... .......... .......... 41% 93.4M 1s
 19350K .......... .......... .......... .......... .......... 41%  196M 1s
 19400K .......... .......... .......... .......... .......... 41%  252M 1s
 19450K .......... .......... .......... .......... .......... 41% 79.6M 1s
 19500K .......... .......... .......... .......... .......... 41%  106M 1s
 19550K .......... .......... .......... .......... .......... 41% 95.1M 1s
 19600K .......... .......... .......... .......... .......... 41%  116M 1s
 19650K .......... .......... .......... .......... .......... 41%  163M 1s
 19700K .......... .......... .......... .......... .......... 41%  211M 1s
 19750K .......... .......... .......... .......... .......... 42%  439M 1s
 19800K .......... .......... .......... .......... .......... 42% 93.1T 1s
 19850K .......... .......... .......... .......... .......... 42%  161M 1s
 19900K .......... .......... .......... .......... .......... 42%  137M 1s
 19950K .......... .......... .......... .......... .......... 42%  536M 1s
 20000K .......... .......... .......... .......... .......... 42%  760M 1s
 20050K .......... .......... .......... .......... .......... 42%  242M 1s
 20100K .......... .......... .......... .......... .......... 42%  335M 1s
 20150K .......... .......... .......... .......... .......... 42%  539M 1s
 20200K .......... .......... .......... .......... .......... 43%  353M 1s
 20250K .......... .......... .......... .......... .......... 43%  216M 1s
 20300K .......... .......... .......... .......... .......... 43%  225M 1s
 20350K .......... .......... .......... .......... .......... 43%  178M 1s
 20400K .......... .......... .......... .......... .......... 43%  198M 1s
 20450K .......... .......... .......... .......... .......... 43% 81.2M 1s
 20500K .......... .......... .......... .......... .......... 43%  530K 1s
 20550K .......... .......... .......... .......... .......... 43%  260M 1s
 20600K .......... .......... .......... .......... .......... 43% 77.0M 1s
 20650K .......... .......... .......... .......... .......... 43%  406M 1s
 20700K .......... .......... .......... .......... .......... 44%  345M 1s
 20750K .......... .......... .......... .......... .......... 44% 93.1T 1s
 20800K .......... .......... .......... .......... .......... 44% 46.0M 1s
 20850K .......... .......... .......... .......... .......... 44% 32.7M 1s
 20900K .......... .......... .......... .......... .......... 44%  185M 1s
 20950K .......... .......... .......... .......... .......... 44% 93.1T 1s
 21000K .......... .......... .......... .......... .......... 44%  128M 1s
 21050K .......... .......... .......... .......... .......... 44% 93.1T 1s
 21100K .......... .......... .......... .......... .......... 44%  370M 1s
 21150K .......... .......... .......... .......... .......... 45%  391M 1s
 21200K .......... .......... .......... .......... .......... 45%  313M 1s
 21250K .......... .......... .......... .......... .......... 45% 93.1T 1s
 21300K .......... .......... .......... .......... .......... 45%  355M 1s
 21350K .......... .......... .......... .......... .......... 45%  364M 1s
 21400K .......... .......... .......... .......... .......... 45%  410M 1s
 21450K .......... .......... .......... .......... .......... 45%  406M 1s
 21500K .......... .......... .......... .......... .......... 45% 93.1T 1s
 21550K .......... .......... .......... .......... .......... 45%  385M 1s
 21600K .......... .......... .......... .......... .......... 45%  292M 1s
 21650K .......... .......... .......... .......... .......... 46%  382M 1s
 21700K .......... .......... .......... .......... .......... 46%  636M 1s
 21750K .......... .......... .......... .......... .......... 46%  405M 1s
 21800K .......... .......... .......... .......... .......... 46%  384M 1s
 21850K .......... .......... .......... .......... .......... 46%  415M 1s
 21900K .......... .......... .......... .......... .......... 46% 93.1T 1s
 21950K .......... .......... .......... .......... .......... 46%  396M 1s
 22000K .......... .......... .......... .......... .......... 46%  389M 1s
 22050K .......... .......... .......... .......... .......... 46%  398M 1s
 22100K .......... .......... .......... .......... .......... 47% 93.1T 1s
 22150K .......... .......... .......... .......... .......... 47%  322M 1s
 22200K .......... .......... .......... .......... .......... 47%  402M 1s
 22250K .......... .......... .......... .......... .......... 47%  367M 1s
 22300K .......... .......... .......... .......... .......... 47%  416M 1s
 22350K .......... .......... .......... .......... .......... 47% 93.1T 1s
 22400K .......... .......... .......... .......... .......... 47%  384M 1s
 22450K .......... .......... .......... .......... .......... 47%  417M 1s
 22500K .......... .......... .......... .......... .......... 47%  344M 1s
 22550K .......... .......... .......... .......... .......... 47%  335M 1s
 22600K .......... .......... .......... .......... .......... 48% 93.1T 1s
 22650K .......... .......... .......... .......... .......... 48%  307M 1s
 22700K .......... .......... .......... .......... .......... 48%  303M 1s
 22750K .......... .......... .......... .......... .......... 48%  315M 1s
 22800K .......... .......... .......... .......... .......... 48%  362M 1s
 22850K .......... .......... .......... .......... .......... 48% 93.1T 1s
 22900K .......... .......... .......... .......... .......... 48%  388M 1s
 22950K .......... .......... .......... .......... .......... 48%  393M 1s
 23000K .......... .......... .......... .......... .......... 48%  369M 1s
 23050K .......... .......... .......... .......... .......... 49% 93.1T 1s
 23100K .......... .......... .......... .......... .......... 49%  369M 1s
 23150K .......... .......... .......... .......... .......... 49%  346M 1s
 23200K .......... .......... .......... .......... .......... 49%  390M 1s
 23250K .......... .......... .......... .......... .......... 49%  378M 1s
 23300K .......... .......... .......... .......... .......... 49% 93.1T 1s
 23350K .......... .......... .......... .......... .......... 49%  350M 1s
 23400K .......... .......... .......... .......... .......... 49%  399M 1s
 23450K .......... .......... .......... .......... .......... 49%  414M 1s
 23500K .......... .......... .......... .......... .......... 50%  402M 1s
 23550K .......... .......... .......... .......... .......... 50% 93.1T 1s
 23600K .......... .......... .......... .......... .......... 50%  389M 1s
 23650K .......... .......... .......... .......... .......... 50%  406M 1s
 23700K .......... .......... .......... .......... .......... 50%  402M 1s
 23750K .......... .......... .......... .......... .......... 50%  402M 1s
 23800K .......... .......... .......... .......... .......... 50% 93.1T 1s
 23850K .......... .......... .......... .......... .......... 50%  399M 1s
 23900K .......... .......... .......... .......... .......... 50%  403M 1s
 23950K .......... .......... .......... .......... .......... 50%  430M 1s
 24000K .......... .......... .......... .......... .......... 51% 93.1T 1s
 24050K .......... .......... .......... .......... .......... 51%  411M 1s
 24100K .......... .......... .......... .......... .......... 51%  401M 1s
 24150K .......... .......... .......... .......... .......... 51%  414M 1s
 24200K .......... .......... .......... .......... .......... 51%  390M 1s
 24250K .......... .......... .......... .......... .......... 51% 93.1T 1s
 24300K .......... .......... .......... .......... .......... 51%  407M 1s
 24350K .......... .......... .......... .......... .......... 51%  402M 1s
 24400K .......... .......... .......... .......... .......... 51%  422M 1s
 24450K .......... .......... .......... .......... .......... 52%  444M 1s
 24500K .......... .......... .......... .......... .......... 52% 93.1T 1s
 24550K .......... .......... .......... .......... .......... 52%  393M 1s
 24600K .......... .......... .......... .......... .......... 52%  418M 1s
 24650K .......... .......... .......... .......... .......... 52%  374M 1s
 24700K .......... .......... .......... .......... .......... 52%  417M 1s
 24750K .......... .......... .......... .......... .......... 52% 93.1T 1s
 24800K .......... .......... .......... .......... .......... 52%  360M 1s
 24850K .......... .......... .......... .......... .......... 52%  407M 1s
 24900K .......... .......... .......... .......... .......... 52% 1.22M 1s
 24950K .......... .......... .......... .......... .......... 53% 93.1T 1s
 25000K .......... .......... .......... .......... .......... 53%  184M 1s
 25050K .......... .......... .......... .......... .......... 53%  286M 1s
 25100K .......... .......... .......... .......... .......... 53%  249M 1s
 25150K .......... .......... .......... .......... .......... 53% 93.1T 1s
 25200K .......... .......... .......... .......... .......... 53%  270M 1s
 25250K .......... .......... .......... .......... .......... 53%  265M 1s
 25300K .......... .......... .......... .......... .......... 53%  297M 1s
 25350K .......... .......... .......... .......... .......... 53%  336M 1s
 25400K .......... .......... .......... .......... .......... 54% 93.1T 1s
 25450K .......... .......... .......... .......... .......... 54%  331M 1s
 25500K .......... .......... .......... .......... .......... 54%  328M 1s
 25550K .......... .......... .......... .......... .......... 54%  318M 1s
 25600K .......... .......... .......... .......... .......... 54%  185M 1s
 25650K .......... .......... .......... .......... .......... 54% 93.1T 1s
 25700K .......... .......... .......... .......... .......... 54% 4.99M 1s
 25750K .......... .......... .......... .......... .......... 54%  535K 1s
 25800K .......... .......... .......... .......... .......... 54%  265M 1s
 25850K .......... .......... .......... .......... .......... 55%  308M 1s
 25900K .......... .......... .......... .......... .......... 55%  317M 1s
 25950K .......... .......... .......... .......... .......... 55% 93.1T 1s
 26000K .......... .......... .......... .......... .......... 55%  320M 1s
 26050K .......... .......... .......... .......... .......... 55%  315M 1s
 26100K .......... .......... .......... .......... .......... 55%  312M 1s
 26150K .......... .......... .......... .......... .......... 55%  336M 1s
 26200K .......... .......... .......... .......... .......... 55% 93.1T 1s
 26250K .......... .......... .......... .......... .......... 55%  305M 1s
 26300K .......... .......... .......... .......... .......... 55%  319M 1s
 26350K .......... .......... .......... .......... .......... 56%  351M 1s
 26400K .......... .......... .......... .......... .......... 56% 93.1T 1s
 26450K .......... .......... .......... .......... .......... 56%  233M 1s
 26500K .......... .......... .......... .......... .......... 56%  297M 1s
 26550K .......... .......... .......... .......... .......... 56%  292M 1s
 26600K .......... .......... .......... .......... .......... 56%  316M 1s
 26650K .......... .......... .......... .......... .......... 56% 93.1T 1s
 26700K .......... .......... .......... .......... .......... 56%  300M 1s
 26750K .......... .......... .......... .......... .......... 56%  293M 1s
 26800K .......... .......... .......... .......... .......... 57%  322M 1s
 26850K .......... .......... .......... .......... .......... 57%  305M 1s
 26900K .......... .......... .......... .......... .......... 57% 93.1T 1s
 26950K .......... .......... .......... .......... .......... 57%  309M 1s
 27000K .......... .......... .......... .......... .......... 57%  307M 1s
 27050K .......... .......... .......... .......... .......... 57%  289M 1s
 27100K .......... .......... .......... .......... .......... 57%  312M 1s
 27150K .......... .......... .......... .......... .......... 57% 93.1T 1s
 27200K .......... .......... .......... .......... .......... 57%  264M 1s
 27250K .......... .......... .......... .......... .......... 57%  328M 1s
 27300K .......... .......... .......... .......... .......... 58%  313M 1s
 27350K .......... .......... .......... .......... .......... 58%  299M 1s
 27400K .......... .......... .......... .......... .......... 58% 93.1T 1s
 27450K .......... .......... .......... .......... .......... 58%  314M 1s
 27500K .......... .......... .......... .......... .......... 58%  308M 1s
 27550K .......... .......... .......... .......... .......... 58%  321M 1s
 27600K .......... .......... .......... .......... .......... 58% 93.1T 1s
 27650K .......... .......... .......... .......... .......... 58%  293M 1s
 27700K .......... .......... .......... .......... .......... 58%  263M 1s
 27750K .......... .......... .......... .......... .......... 59%  330M 1s
 27800K .......... .......... .......... .......... .......... 59%  293M 1s
 27850K .......... .......... .......... .......... .......... 59% 93.1T 1s
 27900K .......... .......... .......... .......... .......... 59%  314M 1s
 27950K .......... .......... .......... .......... .......... 59%  288M 1s
 28000K .......... .......... .......... .......... .......... 59%  325M 1s
 28050K .......... .......... .......... .......... .......... 59%  413M 1s
 28100K .......... .......... .......... .......... .......... 59% 93.1T 1s
 28150K .......... .......... .......... .......... .......... 59%  358M 1s
 28200K .......... .......... .......... .......... .......... 59%  398M 1s
 28250K .......... .......... .......... .......... .......... 60%  382M 1s
 28300K .......... .......... .......... .......... .......... 60%  379M 1s
 28350K .......... .......... .......... .......... .......... 60% 93.1T 1s
 28400K .......... .......... .......... .......... .......... 60%  390M 1s
 28450K .......... .......... .......... .......... .......... 60%  364M 1s
 28500K .......... .......... .......... .......... .......... 60%  389M 1s
 28550K .......... .......... .......... .......... .......... 60% 93.1T 1s
 28600K .......... .......... .......... .......... .......... 60%  349M 1s
 28650K .......... .......... .......... .......... .......... 60%  417M 1s
 28700K .......... .......... .......... .......... .......... 61%  391M 1s
 28750K .......... .......... .......... .......... .......... 61%  373M 1s
 28800K .......... .......... .......... .......... .......... 61% 93.1T 1s
 28850K .......... .......... .......... .......... .......... 61%  381M 1s
 28900K .......... .......... .......... .......... .......... 61%  377M 1s
 28950K .......... .......... .......... .......... .......... 61%  369M 1s
 29000K .......... .......... .......... .......... .......... 61%  392M 1s
 29050K .......... .......... .......... .......... .......... 61% 93.1T 1s
 29100K .......... .......... .......... .......... .......... 61%  314M 1s
 29150K .......... .......... .......... .......... .......... 62%  401M 1s
 29200K .......... .......... .......... .......... .......... 62%  368M 1s
 29250K .......... .......... .......... .......... .......... 62%  257M 1s
 29300K .......... .......... .......... .......... .......... 62% 93.1T 1s
 29350K .......... .......... .......... .......... .......... 62%  268M 1s
 29400K .......... .......... .......... .......... .......... 62%  255M 1s
 29450K .......... .......... .......... .......... .......... 62%  303M 1s
 29500K .......... .......... .......... .......... .......... 62% 93.1T 1s
 29550K .......... .......... .......... .......... .......... 62%  290M 1s
 29600K .......... .......... .......... .......... .......... 62%  289M 1s
 29650K .......... .......... .......... .......... .......... 63%  317M 1s
 29700K .......... .......... .......... .......... .......... 63%  267M 1s
 29750K .......... .......... .......... .......... .......... 63% 93.1T 1s
 29800K .......... .......... .......... .......... .......... 63%  320M 1s
 29850K .......... .......... .......... .......... .......... 63%  367M 1s
 29900K .......... .......... .......... .......... .......... 63%  382M 1s
 29950K .......... .......... .......... .......... .......... 63%  358M 1s
 30000K .......... .......... .......... .......... .......... 63% 93.1T 1s
 30050K .......... .......... .......... .......... .......... 63%  374M 1s
 30100K .......... .......... .......... .......... .......... 64%  357M 1s
 30150K .......... .......... .......... .......... .......... 64%  321M 1s
 30200K .......... .......... .......... .......... .......... 64%  377M 1s
 30250K .......... .......... .......... .......... .......... 64% 93.1T 1s
 30300K .......... .......... .......... .......... .......... 64%  339M 1s
 30350K .......... .......... .......... .......... .......... 64%  395M 1s
 30400K .......... .......... .......... .......... .......... 64%  376M 1s
 30450K .......... .......... .......... .......... .......... 64% 93.1T 1s
 30500K .......... .......... .......... .......... .......... 64%  365M 1s
 30550K .......... .......... .......... .......... .......... 64%  369M 1s
 30600K .......... .......... .......... .......... .......... 65%  358M 1s
 30650K .......... .......... .......... .......... .......... 65%  326M 1s
 30700K .......... .......... .......... .......... .......... 65% 93.1T 1s
 30750K .......... .......... .......... .......... .......... 65%  374M 1s
 30800K .......... .......... .......... .......... .......... 65%  390M 1s
 30850K .......... .......... .......... .......... .......... 65%  444M 1s
 30900K .......... .......... .......... .......... .......... 65%  544K 1s
 30950K .......... .......... .......... .......... .......... 65%  212M 1s
 31000K .......... .......... .......... .......... .......... 65%  317M 1s
 31050K .......... .......... .......... .......... .......... 66%  269M 1s
 31100K .......... .......... .......... .......... .......... 66%  118M 1s
 31150K .......... .......... .......... .......... .......... 66%  181M 1s
 31200K .......... .......... .......... .......... .......... 66%  191M 1s
 31250K .......... .......... .......... .......... .......... 66%  256M 1s
 31300K .......... .......... .......... .......... .......... 66%  146M 1s
 31350K .......... .......... .......... .......... .......... 66%  151M 1s
 31400K .......... .......... .......... .......... .......... 66%  161M 1s
 31450K .......... .......... .......... .......... .......... 66%  227M 1s
 31500K .......... .......... .......... .......... .......... 66%  180M 1s
 31550K .......... .......... .......... .......... .......... 67%  154M 1s
 31600K .......... .......... .......... .......... .......... 67%  168M 1s
 31650K .......... .......... .......... .......... .......... 67%  135M 1s
 31700K .......... .......... .......... .......... .......... 67%  224M 1s
 31750K .......... .......... .......... .......... .......... 67%  258M 1s
 31800K .......... .......... .......... .......... .......... 67% 93.1T 1s
 31850K .......... .......... .......... .......... .......... 67%  250M 1s
 31900K .......... .......... .......... .......... .......... 67%  283M 1s
 31950K .......... .......... .......... .......... .......... 67%  342M 1s
 32000K .......... .......... .......... .......... .......... 68%  328M 1s
 32050K .......... .......... .......... .......... .......... 68% 93.1T 1s
 32100K .......... .......... .......... .......... .......... 68%  340M 1s
 32150K .......... .......... .......... .......... .......... 68%  353M 1s
 32200K .......... .......... .......... .......... .......... 68%  324M 1s
 32250K .......... .......... .......... .......... .......... 68%  340M 1s
 32300K .......... .......... .......... .......... .......... 68% 93.1T 1s
 32350K .......... .......... .......... .......... .......... 68%  302M 1s
 32400K .......... .......... .......... .......... .......... 68%  376M 1s
 32450K .......... .......... .......... .......... .......... 69%  260M 1s
 32500K .......... .......... .......... .......... .......... 69%  184M 1s
 32550K .......... .......... .......... .......... .......... 69% 18.5M 1s
 32600K .......... .......... .......... .......... .......... 69%  200M 1s
 32650K .......... .......... .......... .......... .......... 69%  113M 1s
 32700K .......... .......... .......... .......... .......... 69%  150M 1s
 32750K .......... .......... .......... .......... .......... 69%  259M 1s
 32800K .......... .......... .......... .......... .......... 69%  276M 1s
 32850K .......... .......... .......... .......... .......... 69% 93.1T 1s
 32900K .......... .......... .......... .......... .......... 69%  241M 1s
 32950K .......... .......... .......... .......... .......... 70%  309M 1s
 33000K .......... .......... .......... .......... .......... 70%  273M 1s
 33050K .......... .......... .......... .......... .......... 70%  310M 1s
 33100K .......... .......... .......... .......... .......... 70% 93.1T 1s
 33150K .......... .......... .......... .......... .......... 70%  289M 1s
 33200K .......... .......... .......... .......... .......... 70%  321M 1s
 33250K .......... .......... .......... .......... .......... 70%  296M 1s
 33300K .......... .......... .......... .......... .......... 70% 93.1T 1s
 33350K .......... .......... .......... .......... .......... 70%  272M 1s
 33400K .......... .......... .......... .......... .......... 71%  366M 1s
 33450K .......... .......... .......... .......... .......... 71% 1.25M 1s
 33500K .......... .......... .......... .......... .......... 71% 93.1T 1s
 33550K .......... .......... .......... .......... .......... 71%  152M 1s
 33600K .......... .......... .......... .......... .......... 71%  137M 1s
 33650K .......... .......... .......... .......... .......... 71%  130M 1s
 33700K .......... .......... .......... .......... .......... 71%  202M 1s
 33750K .......... .......... .......... .......... .......... 71%  143M 1s
 33800K .......... .......... .......... .......... .......... 71%  204M 1s
 33850K .......... .......... .......... .......... .......... 71% 93.1T 1s
 33900K .......... .......... .......... .......... .......... 72%  162M 1s
 33950K .......... .......... .......... .......... .......... 72%  196M 1s
 34000K .......... .......... .......... .......... .......... 72%  173M 1s
 34050K .......... .......... .......... .......... .......... 72%  193M 1s
 34100K .......... .......... .......... .......... .......... 72% 93.1T 1s
 34150K .......... .......... .......... .......... .......... 72%  156M 1s
 34200K .......... .......... .......... .......... .......... 72%  193M 1s
 34250K .......... .......... .......... .......... .......... 72%  206M 1s
 34300K .......... .......... .......... .......... .......... 72%  194M 1s
 34350K .......... .......... .......... .......... .......... 73% 93.1T 1s
 34400K .......... .......... .......... .......... .......... 73%  196M 1s
 34450K .......... .......... .......... .......... .......... 73%  133M 1s
 34500K .......... .......... .......... .......... .......... 73%  196M 1s
 34550K .......... .......... .......... .......... .......... 73% 93.1T 1s
 34600K .......... .......... .......... .......... .......... 73%  198M 1s
 34650K .......... .......... .......... .......... .......... 73%  231M 1s
 34700K .......... .......... .......... .......... .......... 73%  214M 1s
 34750K .......... .......... .......... .......... .......... 73%  218M 1s
 34800K .......... .......... .......... .......... .......... 74% 93.1T 1s
 34850K .......... .......... .......... .......... .......... 74%  211M 1s
 34900K .......... .......... .......... .......... .......... 74%  225M 1s
 34950K .......... .......... .......... .......... .......... 74%  165M 1s
 35000K .......... .......... .......... .......... .......... 74% 93.1T 0s
 35050K .......... .......... .......... .......... .......... 74%  196M 0s
 35100K .......... .......... .......... .......... .......... 74%  214M 0s
 35150K .......... .......... .......... .......... .......... 74%  210M 0s
 35200K .......... .......... .......... .......... .......... 74%  217M 0s
 35250K .......... .......... .......... .......... .......... 74% 93.1T 0s
 35300K .......... .......... .......... .......... .......... 75%  208M 0s
 35350K .......... .......... .......... .......... .......... 75%  222M 0s
 35400K .......... .......... .......... .......... .......... 75%  214M 0s
 35450K .......... .......... .......... .......... .......... 75% 93.1T 0s
 35500K .......... .......... .......... .......... .......... 75%  225M 0s
 35550K .......... .......... .......... .......... .......... 75%  207M 0s
 35600K .......... .......... .......... .......... .......... 75%  222M 0s
 35650K .......... .......... .......... .......... .......... 75%  204M 0s
 35700K .......... .......... .......... .......... .......... 75% 93.1T 0s
 35750K .......... .......... .......... .......... .......... 76%  214M 0s
 35800K .......... .......... .......... .......... .......... 76%  216M 0s
 35850K .......... .......... .......... .......... .......... 76%  209M 0s
 35900K .......... .......... .......... .......... .......... 76%  534K 0s
 35950K .......... .......... .......... .......... .......... 76% 40.9M 0s
 36000K .......... .......... .......... .......... .......... 76%  189M 0s
 36050K .......... .......... .......... .......... .......... 76% 93.1T 0s
 36100K .......... .......... .......... .......... .......... 76%  203M 0s
 36150K .......... .......... .......... .......... .......... 76%  240M 0s
 36200K .......... .......... .......... .......... .......... 76%  194M 0s
 36250K .......... .......... .......... .......... .......... 77%  232M 0s
 36300K .......... .......... .......... .......... .......... 77% 93.1T 0s
 36350K .......... .......... .......... .......... .......... 77%  219M 0s
 36400K .......... .......... .......... .......... .......... 77%  220M 0s
 36450K .......... .......... .......... .......... .......... 77%  228M 0s
 36500K .......... .......... .......... .......... .......... 77% 93.1T 0s
 36550K .......... .......... .......... .......... .......... 77%  158M 0s
 36600K .......... .......... .......... .......... .......... 77%  210M 0s
 36650K .......... .......... .......... .......... .......... 77%  238M 0s
 36700K .......... .......... .......... .......... .......... 78%  233M 0s
 36750K .......... .......... .......... .......... .......... 78% 93.1T 0s
 36800K .......... .......... .......... .......... .......... 78%  223M 0s
 36850K .......... .......... .......... .......... .......... 78%  218M 0s
 36900K .......... .......... .......... .......... .......... 78%  216M 0s
 36950K .......... .......... .......... .......... .......... 78%  215M 0s
 37000K .......... .......... .......... .......... .......... 78% 93.1T 0s
 37050K .......... .......... .......... .......... .......... 78%  222M 0s
 37100K .......... .......... .......... .......... .......... 78%  229M 0s
 37150K .......... .......... .......... .......... .......... 78%  223M 0s
 37200K .......... .......... .......... .......... .......... 79% 93.1T 0s
 37250K .......... .......... .......... .......... .......... 79%  219M 0s
 37300K .......... .......... .......... .......... .......... 79%  225M 0s
 37350K .......... .......... .......... .......... .......... 79%  236M 0s
 37400K .......... .......... .......... .......... .......... 79%  218M 0s
 37450K .......... .......... .......... .......... .......... 79% 93.1T 0s
 37500K .......... .......... .......... .......... .......... 79%  155M 0s
 37550K .......... .......... .......... .......... .......... 79%  208M 0s
 37600K .......... .......... .......... .......... .......... 79%  293M 0s
 37650K .......... .......... .......... .......... .......... 80%  329M 0s
 37700K .......... .......... .......... .......... .......... 80% 74.0M 0s
 37750K .......... .......... .......... .......... .......... 80%  203M 0s
 37800K .......... .......... .......... .......... .......... 80%  235M 0s
 37850K .......... .......... .......... .......... .......... 80%  238M 0s
 37900K .......... .......... .......... .......... .......... 80%  120M 0s
 37950K .......... .......... .......... .......... .......... 80%  120M 0s
 38000K .......... .......... .......... .......... .......... 80%  571K 0s
 38050K .......... .......... .......... .......... .......... 80%  185M 0s
 38100K .......... .......... .......... .......... .......... 81%  185M 0s
 38150K .......... .......... .......... .......... .......... 81%  208M 0s
 38200K .......... .......... .......... .......... .......... 81% 93.1T 0s
 38250K .......... .......... .......... .......... .......... 81%  199M 0s
 38300K .......... .......... .......... .......... .......... 81%  227M 0s
 38350K .......... .......... .......... .......... .......... 81%  232M 0s
 38400K .......... .......... .......... .......... .......... 81%  238M 0s
 38450K .......... .......... .......... .......... .......... 81% 93.1T 0s
 38500K .......... .......... .......... .......... .......... 81%  221M 0s
 38550K .......... .......... .......... .......... .......... 81%  226M 0s
 38600K .......... .......... .......... .......... .......... 82%  219M 0s
 38650K .......... .......... .......... .......... .......... 82%  226M 0s
 38700K .......... .......... .......... .......... .......... 82% 93.1T 0s
 38750K .......... .......... .......... .......... .......... 82%  222M 0s
 38800K .......... .......... .......... .......... .......... 82%  188M 0s
 38850K .......... .......... .......... .......... .......... 82%  243M 0s
 38900K .......... .......... .......... .......... .......... 82% 93.1T 0s
 38950K .......... .......... .......... .......... .......... 82%  209M 0s
 39000K .......... .......... .......... .......... .......... 82%  232M 0s
 39050K .......... .......... .......... .......... .......... 83%  232M 0s
 39100K .......... .......... .......... .......... .......... 83%  230M 0s
 39150K .......... .......... .......... .......... .......... 83% 93.1T 0s
 39200K .......... .......... .......... .......... .......... 83%  214M 0s
 39250K .......... .......... .......... .......... .......... 83%  240M 0s
 39300K .......... .......... .......... .......... .......... 83%  227M 0s
 39350K .......... .......... .......... .......... .......... 83%  246M 0s
 39400K .......... .......... .......... .......... .......... 83% 93.1T 0s
 39450K .......... .......... .......... .......... .......... 83%  269M 0s
 39500K .......... .......... .......... .......... .......... 83%  265M 0s
 39550K .......... .......... .......... .......... .......... 84%  292M 0s
 39600K .......... .......... .......... .......... .......... 84%  280M 0s
 39650K .......... .......... .......... .......... .......... 84% 93.1T 0s
 39700K .......... .......... .......... .......... .......... 84%  255M 0s
 39750K .......... .......... .......... .......... .......... 84%  304M 0s
 39800K .......... .......... .......... .......... .......... 84%  278M 0s
 39850K .......... .......... .......... .......... .......... 84% 93.1T 0s
 39900K .......... .......... .......... .......... .......... 84%  255M 0s
 39950K .......... .......... .......... .......... .......... 84%  258M 0s
 40000K .......... .......... .......... .......... .......... 85%  250M 0s
 40050K .......... .......... .......... .......... .......... 85%  275M 0s
 40100K .......... .......... .......... .......... .......... 85% 93.1T 0s
 40150K .......... .......... .......... .......... .......... 85%  249M 0s
 40200K .......... .......... .......... .......... .......... 85%  220M 0s
 40250K .......... .......... .......... .......... .......... 85%  273M 0s
 40300K .......... .......... .......... .......... .......... 85%  265M 0s
 40350K .......... .......... .......... .......... .......... 85% 93.1T 0s
 40400K .......... .......... .......... .......... .......... 85%  301M 0s
 40450K .......... .......... .......... .......... .......... 86%  296M 0s
 40500K .......... .......... .......... .......... .......... 86%  289M 0s
 40550K .......... .......... .......... .......... .......... 86%  283M 0s
 40600K .......... .......... .......... .......... .......... 86% 93.1T 0s
 40650K .......... .......... .......... .......... .......... 86%  289M 0s
 40700K .......... .......... .......... .......... .......... 86%  304M 0s
 40750K .......... .......... .......... .......... .......... 86%  313M 0s
 40800K .......... .......... .......... .......... .......... 86%  258M 0s
 40850K .......... .......... .......... .......... .......... 86% 93.1T 0s
 40900K .......... .......... .......... .......... .......... 86%  305M 0s
 40950K .......... .......... .......... .......... .......... 87%  267M 0s
 41000K .......... .......... .......... .......... .......... 87%  246M 0s
 41050K .......... .......... .......... .......... .......... 87% 93.1T 0s
 41100K .......... .......... .......... .......... .......... 87%  251M 0s
 41150K .......... .......... .......... .......... .......... 87%  302M 0s
 41200K .......... .......... .......... .......... .......... 87%  292M 0s
 41250K .......... .......... .......... .......... .......... 87%  306M 0s
 41300K .......... .......... .......... .......... .......... 87% 93.1T 0s
 41350K .......... .......... .......... .......... .......... 87%  268M 0s
 41400K .......... .......... .......... .......... .......... 88%  306M 0s
 41450K .......... .......... .......... .......... .......... 88%  113M 0s
 41500K .......... .......... .......... .......... .......... 88%  108M 0s
 41550K .......... .......... .......... .......... .......... 88%  111M 0s
 41600K .......... .......... .......... .......... .......... 88%  177M 0s
 41650K .......... .......... .......... .......... .......... 88% 68.7M 0s
 41700K .......... .......... .......... .......... .......... 88%  121M 0s
 41750K .......... .......... .......... .......... .......... 88% 93.1T 0s
 41800K .......... .......... .......... .......... .......... 88%  270M 0s
 41850K .......... .......... .......... .......... .......... 88%  312M 0s
 41900K .......... .......... .......... .......... .......... 89%  274M 0s
 41950K .......... .......... .......... .......... .......... 89% 93.1T 0s
 42000K .......... .......... .......... .......... .......... 89%  218M 0s
 42050K .......... .......... .......... .......... .......... 89%  324M 0s
 42100K .......... .......... .......... .......... .......... 89%  283M 0s
 42150K .......... .......... .......... .......... .......... 89%  329M 0s
 42200K .......... .......... .......... .......... .......... 89% 93.1T 0s
 42250K .......... .......... .......... .......... .......... 89%  313M 0s
 42300K .......... .......... .......... .......... .......... 89%  269M 0s
 42350K .......... .......... .......... .......... .......... 90%  309M 0s
 42400K .......... .......... .......... .......... .......... 90% 93.1T 0s
 42450K .......... .......... .......... .......... .......... 90%  294M 0s
 42500K .......... .......... .......... .......... .......... 90%  301M 0s
 42550K .......... .......... .......... .......... .......... 90%  319M 0s
 42600K .......... .......... .......... .......... .......... 90%  313M 0s
 42650K .......... .......... .......... .......... .......... 90% 93.1T 0s
 42700K .......... .......... .......... .......... .......... 90%  290M 0s
 42750K .......... .......... .......... .......... .......... 90%  266M 0s
 42800K .......... .......... .......... .......... .......... 90%  320M 0s
 42850K .......... .......... .......... .......... .......... 91% 93.1T 0s
 42900K .......... .......... .......... .......... .......... 91%  193M 0s
 42950K .......... .......... .......... .......... .......... 91%  230M 0s
 43000K .......... .......... .......... .......... .......... 91%  213M 0s
 43050K .......... .......... .......... .......... .......... 91%  237M 0s
 43100K .......... .......... .......... .......... .......... 91% 93.1T 0s
 43150K .......... .......... .......... .......... .......... 91%  228M 0s
 43200K .......... .......... .......... .......... .......... 91%  314M 0s
 43250K .......... .......... .......... .......... .......... 91%  314M 0s
 43300K .......... .......... .......... .......... .......... 92%  332M 0s
 43350K .......... .......... .......... .......... .......... 92% 93.1T 0s
 43400K .......... .......... .......... .......... .......... 92%  289M 0s
 43450K .......... .......... .......... .......... .......... 92%  327M 0s
 43500K .......... .......... .......... .......... .......... 92%  308M 0s
 43550K .......... .......... .......... .......... .......... 92% 93.1T 0s
 43600K .......... .......... .......... .......... .......... 92%  301M 0s
 43650K .......... .......... .......... .......... .......... 92%  406M 0s
 43700K .......... .......... .......... .......... .......... 92%  433M 0s
 43750K .......... .......... .......... .......... .......... 93%  227M 0s
 43800K .......... .......... .......... .......... .......... 93% 93.1T 0s
 43850K .......... .......... .......... .......... .......... 93%  336M 0s
 43900K .......... .......... .......... .......... .......... 93%  402M 0s
 43950K .......... .......... .......... .......... .......... 93% 1.51M 0s
 44000K .......... .......... .......... .......... .......... 93% 93.1T 0s
 44050K .......... .......... .......... .......... .......... 93%  129M 0s
 44100K .......... .......... .......... .......... .......... 93%  288M 0s
 44150K .......... .......... .......... .......... .......... 93%  114M 0s
 44200K .......... .......... .......... .......... .......... 93%  112M 0s
 44250K .......... .......... .......... .......... .......... 94%  134M 0s
 44300K .......... .......... .......... .......... .......... 94%  124M 0s
 44350K .......... .......... .......... .......... .......... 94%  239M 0s
 44400K .......... .......... .......... .......... .......... 94%  222M 0s
 44450K .......... .......... .......... .......... .......... 94%  204M 0s
 44500K .......... .......... .......... .......... .......... 94% 93.1T 0s
 44550K .......... .......... .......... .......... .......... 94%  201M 0s
 44600K .......... .......... .......... .......... .......... 94%  210M 0s
 44650K .......... .......... .......... .......... .......... 94%  200M 0s
 44700K .......... .......... .......... .......... .......... 95%  209M 0s
 44750K .......... .......... .......... .......... .......... 95% 93.1T 0s
 44800K .......... .......... .......... .......... .......... 95%  183M 0s
 44850K .......... .......... .......... .......... .......... 95%  113M 0s
 44900K .......... .......... .......... .......... .......... 95% 97.7M 0s
 44950K .......... .......... .......... .......... .......... 95%  130M 0s
 45000K .......... .......... .......... .......... .......... 95% 99.3M 0s
 45050K .......... .......... .......... .......... .......... 95%  104M 0s
 45100K .......... .......... .......... .......... .......... 95%  145M 0s
 45150K .......... .......... .......... .......... .......... 95%  266M 0s
 45200K .......... .......... .......... .......... .......... 96%  194M 0s
 45250K .......... .......... .......... .......... .......... 96%  225M 0s
 45300K .......... .......... .......... .......... .......... 96% 69.0M 0s
 45350K .......... .......... .......... .......... .......... 96%  512K 0s
 45400K .......... .......... .......... .......... .......... 96%  226M 0s
 45450K .......... .......... .......... .......... .......... 96%  377M 0s
 45500K .......... .......... .......... .......... .......... 96%  207M 0s
 45550K .......... .......... .......... .......... .......... 96%  152M 0s
 45600K .......... .......... .......... .......... .......... 96%  258M 0s
 45650K .......... .......... .......... .......... .......... 97%  202M 0s
 45700K .......... .......... .......... .......... .......... 97%  308M 0s
 45750K .......... .......... .......... .......... .......... 97%  143M 0s
 45800K .......... .......... .......... .......... .......... 97%  227M 0s
 45850K .......... .......... .......... .......... .......... 97% 93.1T 0s
 45900K .......... .......... .......... .......... .......... 97%  225M 0s
 45950K .......... .......... .......... .......... .......... 97%  166M 0s
 46000K .......... .......... .......... .......... .......... 97%  105M 0s
 46050K .......... .......... .......... .......... .......... 97%  243M 0s
 46100K .......... .......... .......... .......... .......... 98%  132M 0s
 46150K .......... .......... .......... .......... .......... 98%  305M 0s
 46200K .......... .......... .......... .......... .......... 98%  219M 0s
 46250K .......... .......... .......... .......... .......... 98%  266M 0s
 46300K .......... .......... .......... .......... .......... 98% 93.1T 0s
 46350K .......... .......... .......... .......... .......... 98%  229M 0s
 46400K .......... .......... .......... .......... .......... 98%  266M 0s
 46450K .......... .......... .......... .......... .......... 98%  250M 0s
 46500K .......... .......... .......... .......... .......... 98%  252M 0s
 46550K .......... .......... .......... .......... .......... 98% 93.1T 0s
 46600K .......... .......... .......... .......... .......... 99%  248M 0s
 46650K .......... .......... .......... .......... .......... 99%  301M 0s
 46700K .......... .......... .......... .......... .......... 99%  303M 0s
 46750K .......... .......... .......... .......... .......... 99%  320M 0s
 46800K .......... .......... .......... .......... .......... 99% 93.1T 0s
 46850K .......... .......... .......... .......... .......... 99%  269M 0s
 46900K .......... .......... .......... .......... .......... 99%  298M 0s
 46950K .......... .......... .......... .......... .......... 99%  308M 0s
 47000K .......... .......... .......... .......... .......... 99%  329M 0s
 47050K .......... .......... .......... ..........           100% 74.8T=1.8s

2026-06-21 11:55:53 URL:http://distfiles.gentoo.org/snapshots/gentoo-20260620.tar.xz [48220308/48220308] -> "/var/tmp/emerge-webrsync.VPccfp/gentoo-20260620.tar.xz" [1]
 * Checking digest ...
 * Checking signature with gemato ...
[   INFO] Refreshing keys...
[   INFO] Keys refreshed.
[   INFO] File /var/tmp/emerge-webrsync.VPccfp/gentoo-20260620.tar.xz verified successfully against the signature in /var/tmp/emerge-webrsync.VPccfp/gentoo-20260620.tar.xz.gpgsig:
[   INFO] - status: OpenPGPSignatureStatus.GOOD
[   INFO] - valid: True, trusted: True
[   INFO] - primary key: DCD05B71EAB94199527F44ACDB6B8C1F96D8BF6D
[   INFO] - subkey: E1D6ABB63BFCFB4BA02FDF1CEC590EEAC9189250
[   INFO] - timestamp: 2026-06-21 00:50:07 UTC
 * Getting snapshot timestamp ...
 * Extracting 'gentoo-20260620.tar.xz' ...
 * Using rsync to refresh '/var/db/repos/gentoo' ...

Number of files: 156,935 (reg: 129,267, dir: 27,668)
Number of created files: 156,934 (reg: 129,267, dir: 27,667)
Number of deleted files: 0
Number of regular files transferred: 129,267
Total file size: 231.74M bytes
Total transferred file size: 231.74M bytes
Literal data: 231.74M bytes
Matched data: 0 bytes
File list size: 4.27M
File list generation time: 0.001 seconds
File list transfer time: 0.000 seconds
Total bytes sent: 120.39M
Total bytes received: 2.58M

sent 120.39M bytes  received 2.58M bytes  11.71M bytes/sec
total size is 231.74M  speedup is 1.88

Performing Global Updates
(Could take a couple of minutes if you have a lot of binary packages.)



 * IMPORTANT: 20 news items need reading for repository 'gentoo'.
 * Use eselect news read to view new items.

